<?xml version="1.0" encoding="UTF-8"?>
<testsuite xmlns:xsi="http://www.w3.org/2001/XMLSchema-instance" xsi:noNamespaceSchemaLocation="https://maven.apache.org/surefire/maven-surefire-plugin/xsd/surefire-test-report-3.0.xsd" version="3.0" name="com.gateway.GatewayApplicationTests" time="15.269" tests="1" errors="0" skipped="0" failures="0">
  <properties>
    <property name="java.specification.version" value="21"/>
    <property name="sun.jnu.encoding" value="UTF-8"/>
    <property name="java.class.path" value="/mnt/c/Users/ACOM-YU-YUAN/Documents/development/JAVA/project/gateway/target/test-classes:/mnt/c/Users/ACOM-YU-YUAN/Documents/development/JAVA/project/gateway/target/classes:/mnt/c/Users/ACOM-YU-YUAN/.m2/repository/org/springframework/cloud/spring-cloud-starter-gateway/4.1.4/spring-cloud-starter-gateway-4.1.4.jar:/mnt/c/Users/ACOM-YU-YUAN/.m2/repository/org/springframework/cloud/spring-cloud-starter/4.1.3/spring-cloud-starter-4.1.3.jar:/mnt/c/Users/ACOM-YU-YUAN/.m2/repository/org/springframework/cloud/spring-cloud-context/4.1.3/spring-cloud-context-4.1.3.jar:/mnt/c/Users/ACOM-YU-YUAN/.m2/repository/org/springframework/security/spring-security-crypto/6.3.0/spring-security-crypto-6.3.0.jar:/mnt/c/Users/ACOM-YU-YUAN/.m2/repository/org/springframework/cloud/spring-cloud-commons/4.1.3/spring-cloud-commons-4.1.3.jar:/mnt/c/Users/ACOM-YU-YUAN/.m2/repository/org/springframework/security/spring-security-rsa/1.1.3/spring-security-rsa-1.1.3.jar:/mnt/c/Users/ACOM-YU-YUAN/.m2/repository/org/bouncycastle/bcprov-jdk18on/1.78/bcprov-jdk18on-1.78.jar:/mnt/c/Users/ACOM-YU-YUAN/.m2/repository/org/springframework/cloud/spring-cloud-gateway-server/4.1.4/spring-cloud-gateway-server-4.1.4.jar:/mnt/c/Users/ACOM-YU-YUAN/.m2/repository/org/springframework/boot/spring-boot-starter-validation/3.3.0/spring-boot-starter-validation-3.3.0.jar:/mnt/c/Users/ACOM-YU-YUAN/.m2/repository/org/apache/tomcat/embed/tomcat-embed-el/10.1.24/tomcat-embed-el-10.1.24.jar:/mnt/c/Users/ACOM-YU-YUAN/.m2/repository/org/hibernate/validator/hibernate-validator/8.0.1.Final/hibernate-validator-8.0.1.Final.jar:/mnt/c/Users/ACOM-YU-YUAN/.m2/repository/jakarta/validation/jakarta.validation-api/3.0.2/jakarta.validation-api-3.0.2.jar:/mnt/c/Users/ACOM-YU-YUAN/.m2/repository/org/jboss/logging/jboss-logging/3.5.3.Final/jboss-logging-3.5.3.Final.jar:/mnt/c/Users/ACOM-YU-YUAN/.m2/repository/com/fasterxml/classmate/1.7.0/classmate-1.7.0.jar:/mnt/c/Users/ACOM-YU-YUAN/.m2/repository/io/projectreactor/addons/reactor-extra/3.5.1/reactor-extra-3.5.1.jar:/mnt/c/Users/ACOM-YU-YUAN/.m2/repository/io/projectreactor/reactor-core/3.6.6/reactor-core-3.6.6.jar:/mnt/c/Users/ACOM-YU-YUAN/.m2/repository/org/reactivestreams/reactive-streams/1.0.4/reactive-streams-1.0.4.jar:/mnt/c/Users/ACOM-YU-YUAN/.m2/repository/org/springframework/boot/spring-boot-starter-webflux/3.3.0/spring-boot-starter-webflux-3.3.0.jar:/mnt/c/Users/ACOM-YU-YUAN/.m2/repository/org/springframework/boot/spring-boot-starter-json/3.3.0/spring-boot-starter-json-3.3.0.jar:/mnt/c/Users/ACOM-YU-YUAN/.m2/repository/com/fasterxml/jackson/core/jackson-databind/2.17.1/jackson-databind-2.17.1.jar:/mnt/c/Users/ACOM-YU-YUAN/.m2/repository/com/fasterxml/jackson/core/jackson-annotations/2.17.1/jackson-annotations-2.17.1.jar:/mnt/c/Users/ACOM-YU-YUAN/.m2/repository/com/fasterxml/jackson/core/jackson-core/2.17.1/jackson-core-2.17.1.jar:/mnt/c/Users/ACOM-YU-YUAN/.m2/repository/com/fasterxml/jackson/datatype/jackson-datatype-jdk8/2.17.1/jackson-datatype-jdk8-2.17.1.jar:/mnt/c/Users/ACOM-YU-YUAN/.m2/repository/com/fasterxml/jackson/datatype/jackson-datatype-jsr310/2.17.1/jackson-datatype-jsr310-2.17.1.jar:/mnt/c/Users/ACOM-YU-YUAN/.m2/repository/com/fasterxml/jackson/module/jackson-module-parameter-names/2.17.1/jackson-module-parameter-names-2.17.1.jar:/mnt/c/Users/ACOM-YU-YUAN/.m2/repository/org/springframework/boot/spring-boot-starter-reactor-netty/3.3.0/spring-boot-starter-reactor-netty-3.3.0.jar:/mnt/c/Users/ACOM-YU-YUAN/.m2/repository/io/projectreactor/netty/reactor-netty-http/1.1.19/reactor-netty-http-1.1.19.jar:/mnt/c/Users/ACOM-YU-YUAN/.m2/repository/io/netty/netty-codec-http/4.1.110.Final/netty-codec-http-4.1.110.Final.jar:/mnt/c/Users/ACOM-YU-YUAN/.m2/repository/io/netty/netty-common/4.1.110.Final/netty-common-4.1.110.Final.jar:/mnt/c/Users/ACOM-YU-YUAN/.m2/repository/io/netty/netty-buffer/4.1.110.Final/netty-buffer-4.1.110.Final.jar:/mnt/c/Users/ACOM-YU-YUAN/.m2/repository/io/netty/netty-transport/4.1.110.Final/netty-transport-4.1.110.Final.jar:/mnt/c/Users/ACOM-YU-YUAN/.m2/repository/io/netty/netty-codec/4.1.110.Final/netty-codec-4.1.110.Final.jar:/mnt/c/Users/ACOM-YU-YUAN/.m2/repository/io/netty/netty-handler/4.1.110.Final/netty-handler-4.1.110.Final.jar:/mnt/c/Users/ACOM-YU-YUAN/.m2/repository/io/netty/netty-codec-http2/4.1.110.Final/netty-codec-http2-4.1.110.Final.jar:/mnt/c/Users/ACOM-YU-YUAN/.m2/repository/io/netty/netty-resolver-dns/4.1.110.Final/netty-resolver-dns-4.1.110.Final.jar:/mnt/c/Users/ACOM-YU-YUAN/.m2/repository/io/netty/netty-resolver/4.1.110.Final/netty-resolver-4.1.110.Final.jar:/mnt/c/Users/ACOM-YU-YUAN/.m2/repository/io/netty/netty-codec-dns/4.1.110.Final/netty-codec-dns-4.1.110.Final.jar:/mnt/c/Users/ACOM-YU-YUAN/.m2/repository/io/netty/netty-resolver-dns-native-macos/4.1.110.Final/netty-resolver-dns-native-macos-4.1.110.Final-osx-x86_64.jar:/mnt/c/Users/ACOM-YU-YUAN/.m2/repository/io/netty/netty-resolver-dns-classes-macos/4.1.110.Final/netty-resolver-dns-classes-macos-4.1.110.Final.jar:/mnt/c/Users/ACOM-YU-YUAN/.m2/repository/io/netty/netty-transport-native-epoll/4.1.110.Final/netty-transport-native-epoll-4.1.110.Final-linux-x86_64.jar:/mnt/c/Users/ACOM-YU-YUAN/.m2/repository/io/netty/netty-transport-native-unix-common/4.1.110.Final/netty-transport-native-unix-common-4.1.110.Final.jar:/mnt/c/Users/ACOM-YU-YUAN/.m2/repository/io/netty/netty-transport-classes-epoll/4.1.110.Final/netty-transport-classes-epoll-4.1.110.Final.jar:/mnt/c/Users/ACOM-YU-YUAN/.m2/repository/io/projectreactor/netty/reactor-netty-core/1.1.19/reactor-netty-core-1.1.19.jar:/mnt/c/Users/ACOM-YU-YUAN/.m2/repository/io/netty/netty-handler-proxy/4.1.110.Final/netty-handler-proxy-4.1.110.Final.jar:/mnt/c/Users/ACOM-YU-YUAN/.m2/repository/io/netty/netty-codec-socks/4.1.110.Final/netty-codec-socks-4.1.110.Final.jar:/mnt/c/Users/ACOM-YU-YUAN/.m2/repository/org/springframework/spring-web/6.1.8/spring-web-6.1.8.jar:/mnt/c/Users/ACOM-YU-YUAN/.m2/repository/org/springframework/spring-beans/6.1.8/spring-beans-6.1.8.jar:/mnt/c/Users/ACOM-YU-YUAN/.m2/repository/io/micrometer/micrometer-observation/1.13.0/micrometer-observation-1.13.0.jar:/mnt/c/Users/ACOM-YU-YUAN/.m2/repository/io/micrometer/micrometer-commons/1.13.0/micrometer-commons-1.13.0.jar:/mnt/c/Users/ACOM-YU-YUAN/.m2/repository/org/springframework/spring-webflux/6.1.8/spring-webflux-6.1.8.jar:/mnt/c/Users/ACOM-YU-YUAN/.m2/repository/org/springframework/boot/spring-boot-starter-test/3.3.0/spring-boot-starter-test-3.3.0.jar:/mnt/c/Users/ACOM-YU-YUAN/.m2/repository/org/springframework/boot/spring-boot-starter/3.3.0/spring-boot-starter-3.3.0.jar:/mnt/c/Users/ACOM-YU-YUAN/.m2/repository/org/springframework/boot/spring-boot/3.3.0/spring-boot-3.3.0.jar:/mnt/c/Users/ACOM-YU-YUAN/.m2/repository/org/springframework/spring-context/6.1.8/spring-context-6.1.8.jar:/mnt/c/Users/ACOM-YU-YUAN/.m2/repository/org/springframework/spring-aop/6.1.8/spring-aop-6.1.8.jar:/mnt/c/Users/ACOM-YU-YUAN/.m2/repository/org/springframework/spring-expression/6.1.8/spring-expression-6.1.8.jar:/mnt/c/Users/ACOM-YU-YUAN/.m2/repository/org/springframework/boot/spring-boot-autoconfigure/3.3.0/spring-boot-autoconfigure-3.3.0.jar:/mnt/c/Users/ACOM-YU-YUAN/.m2/repository/org/springframework/boot/spring-boot-starter-logging/3.3.0/spring-boot-starter-logging-3.3.0.jar:/mnt/c/Users/ACOM-YU-YUAN/.m2/repository/ch/qos/logback/logback-classic/1.5.6/logback-classic-1.5.6.jar:/mnt/c/Users/ACOM-YU-YUAN/.m2/repository/ch/qos/logback/logback-core/1.5.6/logback-core-1.5.6.jar:/mnt/c/Users/ACOM-YU-YUAN/.m2/repository/org/apache/logging/log4j/log4j-to-slf4j/2.23.1/log4j-to-slf4j-2.23.1.jar:/mnt/c/Users/ACOM-YU-YUAN/.m2/repository/org/apache/logging/log4j/log4j-api/2.23.1/log4j-api-2.23.1.jar:/mnt/c/Users/ACOM-YU-YUAN/.m2/repository/org/slf4j/jul-to-slf4j/2.0.13/jul-to-slf4j-2.0.13.jar:/mnt/c/Users/ACOM-YU-YUAN/.m2/repository/jakarta/annotation/jakarta.annotation-api/2.1.1/jakarta.annotation-api-2.1.1.jar:/mnt/c/Users/ACOM-YU-YUAN/.m2/repository/org/yaml/snakeyaml/2.2/snakeyaml-2.2.jar:/mnt/c/Users/ACOM-YU-YUAN/.m2/repository/org/springframework/boot/spring-boot-test/3.3.0/spring-boot-test-3.3.0.jar:/mnt/c/Users/ACOM-YU-YUAN/.m2/repository/org/springframework/boot/spring-boot-test-autoconfigure/3.3.0/spring-boot-test-autoconfigure-3.3.0.jar:/mnt/c/Users/ACOM-YU-YUAN/.m2/repository/com/jayway/jsonpath/json-path/2.9.0/json-path-2.9.0.jar:/mnt/c/Users/ACOM-YU-YUAN/.m2/repository/org/slf4j/slf4j-api/2.0.13/slf4j-api-2.0.13.jar:/mnt/c/Users/ACOM-YU-YUAN/.m2/repository/jakarta/xml/bind/jakarta.xml.bind-api/4.0.2/jakarta.xml.bind-api-4.0.2.jar:/mnt/c/Users/ACOM-YU-YUAN/.m2/repository/jakarta/activation/jakarta.activation-api/2.1.3/jakarta.activation-api-2.1.3.jar:/mnt/c/Users/ACOM-YU-YUAN/.m2/repository/net/minidev/json-smart/2.5.1/json-smart-2.5.1.jar:/mnt/c/Users/ACOM-YU-YUAN/.m2/repository/net/minidev/accessors-smart/2.5.1/accessors-smart-2.5.1.jar:/mnt/c/Users/ACOM-YU-YUAN/.m2/repository/org/ow2/asm/asm/9.6/asm-9.6.jar:/mnt/c/Users/ACOM-YU-YUAN/.m2/repository/org/assertj/assertj-core/3.25.3/assertj-core-3.25.3.jar:/mnt/c/Users/ACOM-YU-YUAN/.m2/repository/net/bytebuddy/byte-buddy/1.14.16/byte-buddy-1.14.16.jar:/mnt/c/Users/ACOM-YU-YUAN/.m2/repository/org/awaitility/awaitility/4.2.1/awaitility-4.2.1.jar:/mnt/c/Users/ACOM-YU-YUAN/.m2/repository/org/hamcrest/hamcrest/2.2/hamcrest-2.2.jar:/mnt/c/Users/ACOM-YU-YUAN/.m2/repository/org/junit/jupiter/junit-jupiter/5.10.2/junit-jupiter-5.10.2.jar:/mnt/c/Users/ACOM-YU-YUAN/.m2/repository/org/junit/jupiter/junit-jupiter-params/5.10.2/junit-jupiter-params-5.10.2.jar:/mnt/c/Users/ACOM-YU-YUAN/.m2/repository/org/mockito/mockito-core/5.11.0/mockito-core-5.11.0.jar:/mnt/c/Users/ACOM-YU-YUAN/.m2/repository/net/bytebuddy/byte-buddy-agent/1.14.16/byte-buddy-agent-1.14.16.jar:/mnt/c/Users/ACOM-YU-YUAN/.m2/repository/org/objenesis/objenesis/3.3/objenesis-3.3.jar:/mnt/c/Users/ACOM-YU-YUAN/.m2/repository/org/mockito/mockito-junit-jupiter/5.11.0/mockito-junit-jupiter-5.11.0.jar:/mnt/c/Users/ACOM-YU-YUAN/.m2/repository/org/skyscreamer/jsonassert/1.5.1/jsonassert-1.5.1.jar:/mnt/c/Users/ACOM-YU-YUAN/.m2/repository/com/vaadin/external/google/android-json/0.0.20131108.vaadin1/android-json-0.0.20131108.vaadin1.jar:/mnt/c/Users/ACOM-YU-YUAN/.m2/repository/org/springframework/spring-core/6.1.8/spring-core-6.1.8.jar:/mnt/c/Users/ACOM-YU-YUAN/.m2/repository/org/springframework/spring-jcl/6.1.8/spring-jcl-6.1.8.jar:/mnt/c/Users/ACOM-YU-YUAN/.m2/repository/org/springframework/spring-test/6.1.8/spring-test-6.1.8.jar:/mnt/c/Users/ACOM-YU-YUAN/.m2/repository/org/xmlunit/xmlunit-core/2.9.1/xmlunit-core-2.9.1.jar:/mnt/c/Users/ACOM-YU-YUAN/.m2/repository/org/junit/jupiter/junit-jupiter-api/5.10.2/junit-jupiter-api-5.10.2.jar:/mnt/c/Users/ACOM-YU-YUAN/.m2/repository/org/opentest4j/opentest4j/1.3.0/opentest4j-1.3.0.jar:/mnt/c/Users/ACOM-YU-YUAN/.m2/repository/org/junit/platform/junit-platform-commons/1.10.2/junit-platform-commons-1.10.2.jar:/mnt/c/Users/ACOM-YU-YUAN/.m2/repository/org/apiguardian/apiguardian-api/1.1.2/apiguardian-api-1.1.2.jar:/mnt/c/Users/ACOM-YU-YUAN/.m2/repository/org/junit/jupiter/junit-jupiter-engine/5.10.2/junit-jupiter-engine-5.10.2.jar:/mnt/c/Users/ACOM-YU-YUAN/.m2/repository/org/junit/platform/junit-platform-engine/1.10.2/junit-platform-engine-1.10.2.jar:"/>
    <property name="java.vm.vendor" value="Oracle Corporation"/>
    <property name="sun.arch.data.model" value="64"/>
    <property name="java.vendor.url" value="https://java.oracle.com/"/>
    <property name="user.timezone" value="Asia/Taipei"/>
    <property name="org.jboss.logging.provider" value="slf4j"/>
    <property name="os.name" value="Linux"/>
    <property name="java.vm.specification.version" value="21"/>
    <property name="sun.java.launcher" value="SUN_STANDARD"/>
    <property name="user.country" value="US"/>
    <property name="sun.boot.library.path" value="/usr/lib/jvm/jdk-21-oracle-x64/lib"/>
    <property name="sun.java.command" value="/mnt/c/Users/ACOM-YU-YUAN/Documents/development/JAVA/project/gateway/target/surefire/surefirebooter-20240614111130931_3.jar /mnt/c/Users/ACOM-YU-YUAN/Documents/development/JAVA/project/gateway/target/surefire 2024-06-14T11-11-30_521-jvmRun1 surefire-20240614111130931_1tmp surefire_0-20240614111130931_2tmp"/>
    <property name="jdk.debug" value="release"/>
    <property name="surefire.test.class.path" value="/mnt/c/Users/ACOM-YU-YUAN/Documents/development/JAVA/project/gateway/target/test-classes:/mnt/c/Users/ACOM-YU-YUAN/Documents/development/JAVA/project/gateway/target/classes:/mnt/c/Users/ACOM-YU-YUAN/.m2/repository/org/springframework/cloud/spring-cloud-starter-gateway/4.1.4/spring-cloud-starter-gateway-4.1.4.jar:/mnt/c/Users/ACOM-YU-YUAN/.m2/repository/org/springframework/cloud/spring-cloud-starter/4.1.3/spring-cloud-starter-4.1.3.jar:/mnt/c/Users/ACOM-YU-YUAN/.m2/repository/org/springframework/cloud/spring-cloud-context/4.1.3/spring-cloud-context-4.1.3.jar:/mnt/c/Users/ACOM-YU-YUAN/.m2/repository/org/springframework/security/spring-security-crypto/6.3.0/spring-security-crypto-6.3.0.jar:/mnt/c/Users/ACOM-YU-YUAN/.m2/repository/org/springframework/cloud/spring-cloud-commons/4.1.3/spring-cloud-commons-4.1.3.jar:/mnt/c/Users/ACOM-YU-YUAN/.m2/repository/org/springframework/security/spring-security-rsa/1.1.3/spring-security-rsa-1.1.3.jar:/mnt/c/Users/ACOM-YU-YUAN/.m2/repository/org/bouncycastle/bcprov-jdk18on/1.78/bcprov-jdk18on-1.78.jar:/mnt/c/Users/ACOM-YU-YUAN/.m2/repository/org/springframework/cloud/spring-cloud-gateway-server/4.1.4/spring-cloud-gateway-server-4.1.4.jar:/mnt/c/Users/ACOM-YU-YUAN/.m2/repository/org/springframework/boot/spring-boot-starter-validation/3.3.0/spring-boot-starter-validation-3.3.0.jar:/mnt/c/Users/ACOM-YU-YUAN/.m2/repository/org/apache/tomcat/embed/tomcat-embed-el/10.1.24/tomcat-embed-el-10.1.24.jar:/mnt/c/Users/ACOM-YU-YUAN/.m2/repository/org/hibernate/validator/hibernate-validator/8.0.1.Final/hibernate-validator-8.0.1.Final.jar:/mnt/c/Users/ACOM-YU-YUAN/.m2/repository/jakarta/validation/jakarta.validation-api/3.0.2/jakarta.validation-api-3.0.2.jar:/mnt/c/Users/ACOM-YU-YUAN/.m2/repository/org/jboss/logging/jboss-logging/3.5.3.Final/jboss-logging-3.5.3.Final.jar:/mnt/c/Users/ACOM-YU-YUAN/.m2/repository/com/fasterxml/classmate/1.7.0/classmate-1.7.0.jar:/mnt/c/Users/ACOM-YU-YUAN/.m2/repository/io/projectreactor/addons/reactor-extra/3.5.1/reactor-extra-3.5.1.jar:/mnt/c/Users/ACOM-YU-YUAN/.m2/repository/io/projectreactor/reactor-core/3.6.6/reactor-core-3.6.6.jar:/mnt/c/Users/ACOM-YU-YUAN/.m2/repository/org/reactivestreams/reactive-streams/1.0.4/reactive-streams-1.0.4.jar:/mnt/c/Users/ACOM-YU-YUAN/.m2/repository/org/springframework/boot/spring-boot-starter-webflux/3.3.0/spring-boot-starter-webflux-3.3.0.jar:/mnt/c/Users/ACOM-YU-YUAN/.m2/repository/org/springframework/boot/spring-boot-starter-json/3.3.0/spring-boot-starter-json-3.3.0.jar:/mnt/c/Users/ACOM-YU-YUAN/.m2/repository/com/fasterxml/jackson/core/jackson-databind/2.17.1/jackson-databind-2.17.1.jar:/mnt/c/Users/ACOM-YU-YUAN/.m2/repository/com/fasterxml/jackson/core/jackson-annotations/2.17.1/jackson-annotations-2.17.1.jar:/mnt/c/Users/ACOM-YU-YUAN/.m2/repository/com/fasterxml/jackson/core/jackson-core/2.17.1/jackson-core-2.17.1.jar:/mnt/c/Users/ACOM-YU-YUAN/.m2/repository/com/fasterxml/jackson/datatype/jackson-datatype-jdk8/2.17.1/jackson-datatype-jdk8-2.17.1.jar:/mnt/c/Users/ACOM-YU-YUAN/.m2/repository/com/fasterxml/jackson/datatype/jackson-datatype-jsr310/2.17.1/jackson-datatype-jsr310-2.17.1.jar:/mnt/c/Users/ACOM-YU-YUAN/.m2/repository/com/fasterxml/jackson/module/jackson-module-parameter-names/2.17.1/jackson-module-parameter-names-2.17.1.jar:/mnt/c/Users/ACOM-YU-YUAN/.m2/repository/org/springframework/boot/spring-boot-starter-reactor-netty/3.3.0/spring-boot-starter-reactor-netty-3.3.0.jar:/mnt/c/Users/ACOM-YU-YUAN/.m2/repository/io/projectreactor/netty/reactor-netty-http/1.1.19/reactor-netty-http-1.1.19.jar:/mnt/c/Users/ACOM-YU-YUAN/.m2/repository/io/netty/netty-codec-http/4.1.110.Final/netty-codec-http-4.1.110.Final.jar:/mnt/c/Users/ACOM-YU-YUAN/.m2/repository/io/netty/netty-common/4.1.110.Final/netty-common-4.1.110.Final.jar:/mnt/c/Users/ACOM-YU-YUAN/.m2/repository/io/netty/netty-buffer/4.1.110.Final/netty-buffer-4.1.110.Final.jar:/mnt/c/Users/ACOM-YU-YUAN/.m2/repository/io/netty/netty-transport/4.1.110.Final/netty-transport-4.1.110.Final.jar:/mnt/c/Users/ACOM-YU-YUAN/.m2/repository/io/netty/netty-codec/4.1.110.Final/netty-codec-4.1.110.Final.jar:/mnt/c/Users/ACOM-YU-YUAN/.m2/repository/io/netty/netty-handler/4.1.110.Final/netty-handler-4.1.110.Final.jar:/mnt/c/Users/ACOM-YU-YUAN/.m2/repository/io/netty/netty-codec-http2/4.1.110.Final/netty-codec-http2-4.1.110.Final.jar:/mnt/c/Users/ACOM-YU-YUAN/.m2/repository/io/netty/netty-resolver-dns/4.1.110.Final/netty-resolver-dns-4.1.110.Final.jar:/mnt/c/Users/ACOM-YU-YUAN/.m2/repository/io/netty/netty-resolver/4.1.110.Final/netty-resolver-4.1.110.Final.jar:/mnt/c/Users/ACOM-YU-YUAN/.m2/repository/io/netty/netty-codec-dns/4.1.110.Final/netty-codec-dns-4.1.110.Final.jar:/mnt/c/Users/ACOM-YU-YUAN/.m2/repository/io/netty/netty-resolver-dns-native-macos/4.1.110.Final/netty-resolver-dns-native-macos-4.1.110.Final-osx-x86_64.jar:/mnt/c/Users/ACOM-YU-YUAN/.m2/repository/io/netty/netty-resolver-dns-classes-macos/4.1.110.Final/netty-resolver-dns-classes-macos-4.1.110.Final.jar:/mnt/c/Users/ACOM-YU-YUAN/.m2/repository/io/netty/netty-transport-native-epoll/4.1.110.Final/netty-transport-native-epoll-4.1.110.Final-linux-x86_64.jar:/mnt/c/Users/ACOM-YU-YUAN/.m2/repository/io/netty/netty-transport-native-unix-common/4.1.110.Final/netty-transport-native-unix-common-4.1.110.Final.jar:/mnt/c/Users/ACOM-YU-YUAN/.m2/repository/io/netty/netty-transport-classes-epoll/4.1.110.Final/netty-transport-classes-epoll-4.1.110.Final.jar:/mnt/c/Users/ACOM-YU-YUAN/.m2/repository/io/projectreactor/netty/reactor-netty-core/1.1.19/reactor-netty-core-1.1.19.jar:/mnt/c/Users/ACOM-YU-YUAN/.m2/repository/io/netty/netty-handler-proxy/4.1.110.Final/netty-handler-proxy-4.1.110.Final.jar:/mnt/c/Users/ACOM-YU-YUAN/.m2/repository/io/netty/netty-codec-socks/4.1.110.Final/netty-codec-socks-4.1.110.Final.jar:/mnt/c/Users/ACOM-YU-YUAN/.m2/repository/org/springframework/spring-web/6.1.8/spring-web-6.1.8.jar:/mnt/c/Users/ACOM-YU-YUAN/.m2/repository/org/springframework/spring-beans/6.1.8/spring-beans-6.1.8.jar:/mnt/c/Users/ACOM-YU-YUAN/.m2/repository/io/micrometer/micrometer-observation/1.13.0/micrometer-observation-1.13.0.jar:/mnt/c/Users/ACOM-YU-YUAN/.m2/repository/io/micrometer/micrometer-commons/1.13.0/micrometer-commons-1.13.0.jar:/mnt/c/Users/ACOM-YU-YUAN/.m2/repository/org/springframework/spring-webflux/6.1.8/spring-webflux-6.1.8.jar:/mnt/c/Users/ACOM-YU-YUAN/.m2/repository/org/springframework/boot/spring-boot-starter-test/3.3.0/spring-boot-starter-test-3.3.0.jar:/mnt/c/Users/ACOM-YU-YUAN/.m2/repository/org/springframework/boot/spring-boot-starter/3.3.0/spring-boot-starter-3.3.0.jar:/mnt/c/Users/ACOM-YU-YUAN/.m2/repository/org/springframework/boot/spring-boot/3.3.0/spring-boot-3.3.0.jar:/mnt/c/Users/ACOM-YU-YUAN/.m2/repository/org/springframework/spring-context/6.1.8/spring-context-6.1.8.jar:/mnt/c/Users/ACOM-YU-YUAN/.m2/repository/org/springframework/spring-aop/6.1.8/spring-aop-6.1.8.jar:/mnt/c/Users/ACOM-YU-YUAN/.m2/repository/org/springframework/spring-expression/6.1.8/spring-expression-6.1.8.jar:/mnt/c/Users/ACOM-YU-YUAN/.m2/repository/org/springframework/boot/spring-boot-autoconfigure/3.3.0/spring-boot-autoconfigure-3.3.0.jar:/mnt/c/Users/ACOM-YU-YUAN/.m2/repository/org/springframework/boot/spring-boot-starter-logging/3.3.0/spring-boot-starter-logging-3.3.0.jar:/mnt/c/Users/ACOM-YU-YUAN/.m2/repository/ch/qos/logback/logback-classic/1.5.6/logback-classic-1.5.6.jar:/mnt/c/Users/ACOM-YU-YUAN/.m2/repository/ch/qos/logback/logback-core/1.5.6/logback-core-1.5.6.jar:/mnt/c/Users/ACOM-YU-YUAN/.m2/repository/org/apache/logging/log4j/log4j-to-slf4j/2.23.1/log4j-to-slf4j-2.23.1.jar:/mnt/c/Users/ACOM-YU-YUAN/.m2/repository/org/apache/logging/log4j/log4j-api/2.23.1/log4j-api-2.23.1.jar:/mnt/c/Users/ACOM-YU-YUAN/.m2/repository/org/slf4j/jul-to-slf4j/2.0.13/jul-to-slf4j-2.0.13.jar:/mnt/c/Users/ACOM-YU-YUAN/.m2/repository/jakarta/annotation/jakarta.annotation-api/2.1.1/jakarta.annotation-api-2.1.1.jar:/mnt/c/Users/ACOM-YU-YUAN/.m2/repository/org/yaml/snakeyaml/2.2/snakeyaml-2.2.jar:/mnt/c/Users/ACOM-YU-YUAN/.m2/repository/org/springframework/boot/spring-boot-test/3.3.0/spring-boot-test-3.3.0.jar:/mnt/c/Users/ACOM-YU-YUAN/.m2/repository/org/springframework/boot/spring-boot-test-autoconfigure/3.3.0/spring-boot-test-autoconfigure-3.3.0.jar:/mnt/c/Users/ACOM-YU-YUAN/.m2/repository/com/jayway/jsonpath/json-path/2.9.0/json-path-2.9.0.jar:/mnt/c/Users/ACOM-YU-YUAN/.m2/repository/org/slf4j/slf4j-api/2.0.13/slf4j-api-2.0.13.jar:/mnt/c/Users/ACOM-YU-YUAN/.m2/repository/jakarta/xml/bind/jakarta.xml.bind-api/4.0.2/jakarta.xml.bind-api-4.0.2.jar:/mnt/c/Users/ACOM-YU-YUAN/.m2/repository/jakarta/activation/jakarta.activation-api/2.1.3/jakarta.activation-api-2.1.3.jar:/mnt/c/Users/ACOM-YU-YUAN/.m2/repository/net/minidev/json-smart/2.5.1/json-smart-2.5.1.jar:/mnt/c/Users/ACOM-YU-YUAN/.m2/repository/net/minidev/accessors-smart/2.5.1/accessors-smart-2.5.1.jar:/mnt/c/Users/ACOM-YU-YUAN/.m2/repository/org/ow2/asm/asm/9.6/asm-9.6.jar:/mnt/c/Users/ACOM-YU-YUAN/.m2/repository/org/assertj/assertj-core/3.25.3/assertj-core-3.25.3.jar:/mnt/c/Users/ACOM-YU-YUAN/.m2/repository/net/bytebuddy/byte-buddy/1.14.16/byte-buddy-1.14.16.jar:/mnt/c/Users/ACOM-YU-YUAN/.m2/repository/org/awaitility/awaitility/4.2.1/awaitility-4.2.1.jar:/mnt/c/Users/ACOM-YU-YUAN/.m2/repository/org/hamcrest/hamcrest/2.2/hamcrest-2.2.jar:/mnt/c/Users/ACOM-YU-YUAN/.m2/repository/org/junit/jupiter/junit-jupiter/5.10.2/junit-jupiter-5.10.2.jar:/mnt/c/Users/ACOM-YU-YUAN/.m2/repository/org/junit/jupiter/junit-jupiter-params/5.10.2/junit-jupiter-params-5.10.2.jar:/mnt/c/Users/ACOM-YU-YUAN/.m2/repository/org/mockito/mockito-core/5.11.0/mockito-core-5.11.0.jar:/mnt/c/Users/ACOM-YU-YUAN/.m2/repository/net/bytebuddy/byte-buddy-agent/1.14.16/byte-buddy-agent-1.14.16.jar:/mnt/c/Users/ACOM-YU-YUAN/.m2/repository/org/objenesis/objenesis/3.3/objenesis-3.3.jar:/mnt/c/Users/ACOM-YU-YUAN/.m2/repository/org/mockito/mockito-junit-jupiter/5.11.0/mockito-junit-jupiter-5.11.0.jar:/mnt/c/Users/ACOM-YU-YUAN/.m2/repository/org/skyscreamer/jsonassert/1.5.1/jsonassert-1.5.1.jar:/mnt/c/Users/ACOM-YU-YUAN/.m2/repository/com/vaadin/external/google/android-json/0.0.20131108.vaadin1/android-json-0.0.20131108.vaadin1.jar:/mnt/c/Users/ACOM-YU-YUAN/.m2/repository/org/springframework/spring-core/6.1.8/spring-core-6.1.8.jar:/mnt/c/Users/ACOM-YU-YUAN/.m2/repository/org/springframework/spring-jcl/6.1.8/spring-jcl-6.1.8.jar:/mnt/c/Users/ACOM-YU-YUAN/.m2/repository/org/springframework/spring-test/6.1.8/spring-test-6.1.8.jar:/mnt/c/Users/ACOM-YU-YUAN/.m2/repository/org/xmlunit/xmlunit-core/2.9.1/xmlunit-core-2.9.1.jar:/mnt/c/Users/ACOM-YU-YUAN/.m2/repository/org/junit/jupiter/junit-jupiter-api/5.10.2/junit-jupiter-api-5.10.2.jar:/mnt/c/Users/ACOM-YU-YUAN/.m2/repository/org/opentest4j/opentest4j/1.3.0/opentest4j-1.3.0.jar:/mnt/c/Users/ACOM-YU-YUAN/.m2/repository/org/junit/platform/junit-platform-commons/1.10.2/junit-platform-commons-1.10.2.jar:/mnt/c/Users/ACOM-YU-YUAN/.m2/repository/org/apiguardian/apiguardian-api/1.1.2/apiguardian-api-1.1.2.jar:/mnt/c/Users/ACOM-YU-YUAN/.m2/repository/org/junit/jupiter/junit-jupiter-engine/5.10.2/junit-jupiter-engine-5.10.2.jar:/mnt/c/Users/ACOM-YU-YUAN/.m2/repository/org/junit/platform/junit-platform-engine/1.10.2/junit-platform-engine-1.10.2.jar:"/>
    <property name="sun.cpu.endian" value="little"/>
    <property name="user.home" value="/home/u"/>
    <property name="user.language" value="en"/>
    <property name="java.specification.vendor" value="Oracle Corporation"/>
    <property name="java.version.date" value="2024-04-16"/>
    <property name="java.home" value="/usr/lib/jvm/jdk-21-oracle-x64"/>
    <property name="file.separator" value="/"/>
    <property name="basedir" value="/mnt/c/Users/ACOM-YU-YUAN/Documents/development/JAVA/project/gateway"/>
    <property name="java.vm.compressedOopsMode" value="Zero based"/>
    <property name="line.separator" value="&#10;"/>
    <property name="java.vm.specification.vendor" value="Oracle Corporation"/>
    <property name="java.specification.name" value="Java Platform API Specification"/>
    <property name="FILE_LOG_CHARSET" value="UTF-8"/>
    <property name="java.awt.headless" value="true"/>
    <property name="surefire.real.class.path" value="/mnt/c/Users/ACOM-YU-YUAN/Documents/development/JAVA/project/gateway/target/surefire/surefirebooter-20240614111130931_3.jar"/>
    <property name="sun.management.compiler" value="HotSpot 64-Bit Tiered Compilers"/>
    <property name="java.runtime.version" value="21.0.3+7-LTS-152"/>
    <property name="user.name" value="u"/>
    <property name="stdout.encoding" value="UTF-8"/>
    <property name="path.separator" value=":"/>
    <property name="os.version" value="5.15.146.1-microsoft-standard-WSL2"/>
    <property name="java.runtime.name" value="Java(TM) SE Runtime Environment"/>
    <property name="file.encoding" value="UTF-8"/>
    <property name="java.vm.name" value="Java HotSpot(TM) 64-Bit Server VM"/>
    <property name="localRepository" value="/mnt/c/Users/ACOM-YU-YUAN/.m2/repository"/>
    <property name="java.vendor.url.bug" value="https://bugreport.java.com/bugreport/"/>
    <property name="java.io.tmpdir" value="/tmp"/>
    <property name="java.version" value="21.0.3"/>
    <property name="user.dir" value="/mnt/c/Users/ACOM-YU-YUAN/Documents/development/JAVA/project/gateway"/>
    <property name="os.arch" value="amd64"/>
    <property name="java.vm.specification.name" value="Java Virtual Machine Specification"/>
    <property name="PID" value="202907"/>
    <property name="CONSOLE_LOG_CHARSET" value="UTF-8"/>
    <property name="native.encoding" value="UTF-8"/>
    <property name="java.library.path" value="/usr/java/packages/lib:/usr/lib64:/lib64:/lib:/usr/lib"/>
    <property name="java.vm.info" value="mixed mode, sharing"/>
    <property name="stderr.encoding" value="UTF-8"/>
    <property name="java.vendor" value="Oracle Corporation"/>
    <property name="java.vm.version" value="21.0.3+7-LTS-152"/>
    <property name="sun.io.unicode.encoding" value="UnicodeLittle"/>
    <property name="java.class.version" value="65.0"/>
    <property name="LOGGED_APPLICATION_NAME" value="[gateway] "/>
  </properties>
  <testcase name="contextLoads" classname="com.gateway.GatewayApplicationTests" time="2.109">
    <system-out><![CDATA[11:11:33.228 [main] INFO org.springframework.test.context.support.AnnotationConfigContextLoaderUtils -- Could not detect default configuration classes for test class [com.gateway.GatewayApplicationTests]: GatewayApplicationTests does not declare any static, non-private, non-final, nested classes annotated with @Configuration.
11:11:33.627 [main] INFO org.springframework.boot.test.context.SpringBootTestContextBootstrapper -- Found @SpringBootConfiguration com.gateway.GatewayApplication for test class com.gateway.GatewayApplicationTests
  .   ____          _            __ _ _
 /\\ / ___'_ __ _ _(_)_ __  __ _ \ \ \ \
( ( )\___ | '_ | '_| | '_ \/ _` | \ \ \ \
 \\/  ___)| |_)| | | | | || (_| |  ) ) ) )
  '  |____| .__|_| |_|_| |_\__, | / / / /
 =========|_|==============|___/=/_/_/_/

 :: Spring Boot ::                (v3.3.0)

2024-06-14T11:11:36.433+08:00  INFO 202907 --- [gateway] [           main] com.gateway.GatewayApplicationTests      : Starting GatewayApplicationTests using Java 21.0.3 with PID 202907 (started by u in /mnt/c/Users/ACOM-YU-YUAN/Documents/development/JAVA/project/gateway)
2024-06-14T11:11:36.436+08:00  INFO 202907 --- [gateway] [           main] com.gateway.GatewayApplicationTests      : No active profile set, falling back to 1 default profile: "default"
2024-06-14T11:11:40.496+08:00  INFO 202907 --- [gateway] [           main] o.s.cloud.context.scope.GenericScope     : BeanFactory id=482e041b-a752-3cd9-8bec-829743abf2e8
2024-06-14T11:11:42.935+08:00  INFO 202907 --- [gateway] [           main] o.s.cloud.commons.util.InetUtils         : Cannot determine local hostname
2024-06-14T11:11:44.039+08:00  INFO 202907 --- [gateway] [           main] o.s.c.g.r.RouteDefinitionRouteLocator    : Loaded RoutePredicateFactory [After]
2024-06-14T11:11:44.039+08:00  INFO 202907 --- [gateway] [           main] o.s.c.g.r.RouteDefinitionRouteLocator    : Loaded RoutePredicateFactory [Before]
2024-06-14T11:11:44.039+08:00  INFO 202907 --- [gateway] [           main] o.s.c.g.r.RouteDefinitionRouteLocator    : Loaded RoutePredicateFactory [Between]
2024-06-14T11:11:44.039+08:00  INFO 202907 --- [gateway] [           main] o.s.c.g.r.RouteDefinitionRouteLocator    : Loaded RoutePredicateFactory [Cookie]
2024-06-14T11:11:44.039+08:00  INFO 202907 --- [gateway] [           main] o.s.c.g.r.RouteDefinitionRouteLocator    : Loaded RoutePredicateFactory [Header]
2024-06-14T11:11:44.039+08:00  INFO 202907 --- [gateway] [           main] o.s.c.g.r.RouteDefinitionRouteLocator    : Loaded RoutePredicateFactory [Host]
2024-06-14T11:11:44.039+08:00  INFO 202907 --- [gateway] [           main] o.s.c.g.r.RouteDefinitionRouteLocator    : Loaded RoutePredicateFactory [Method]
2024-06-14T11:11:44.039+08:00  INFO 202907 --- [gateway] [           main] o.s.c.g.r.RouteDefinitionRouteLocator    : Loaded RoutePredicateFactory [Path]
2024-06-14T11:11:44.039+08:00  INFO 202907 --- [gateway] [           main] o.s.c.g.r.RouteDefinitionRouteLocator    : Loaded RoutePredicateFactory [Query]
2024-06-14T11:11:44.039+08:00  INFO 202907 --- [gateway] [           main] o.s.c.g.r.RouteDefinitionRouteLocator    : Loaded RoutePredicateFactory [ReadBody]
2024-06-14T11:11:44.039+08:00  INFO 202907 --- [gateway] [           main] o.s.c.g.r.RouteDefinitionRouteLocator    : Loaded RoutePredicateFactory [RemoteAddr]
2024-06-14T11:11:44.039+08:00  INFO 202907 --- [gateway] [           main] o.s.c.g.r.RouteDefinitionRouteLocator    : Loaded RoutePredicateFactory [XForwardedRemoteAddr]
2024-06-14T11:11:44.040+08:00  INFO 202907 --- [gateway] [           main] o.s.c.g.r.RouteDefinitionRouteLocator    : Loaded RoutePredicateFactory [Weight]
2024-06-14T11:11:44.040+08:00  INFO 202907 --- [gateway] [           main] o.s.c.g.r.RouteDefinitionRouteLocator    : Loaded RoutePredicateFactory [CloudFoundryRouteService]
2024-06-14T11:11:45.584+08:00  INFO 202907 --- [gateway] [           main] o.s.cloud.commons.util.InetUtils         : Cannot determine local hostname
2024-06-14T11:11:45.699+08:00  INFO 202907 --- [gateway] [           main] com.gateway.GatewayApplicationTests      : Started GatewayApplicationTests in 11.403 seconds (process running for 14.545)
]]></system-out>
    <system-err><![CDATA[WARNING: A Java agent has been loaded dynamically (/mnt/c/Users/ACOM-YU-YUAN/.m2/repository/net/bytebuddy/byte-buddy-agent/1.14.16/byte-buddy-agent-1.14.16.jar)
WARNING: If a serviceability tool is in use, please run with -XX:+EnableDynamicAgentLoading to hide this warning
WARNING: If a serviceability tool is not in use, please run with -Djdk.instrument.traceUsage for more information
WARNING: Dynamic loading of agents will be disallowed by default in a future release
]]></system-err>
  </testcase>
</testsuite>